[0.006s] Invoking command in '/home/yk/ros2_ws/src/real_nemo/build/real_nemo': CMAKE_PREFIX_PATH=${CMAKE_PREFIX_PATH}:/opt/ros/iron /usr/bin/cmake /home/yk/ros2_ws/src/real_nemo -DCMAKE_INSTALL_PREFIX=/home/yk/ros2_ws/src/real_nemo/install/real_nemo
[0.046s] -- The C compiler identification is GNU 11.4.0
[0.096s] -- The CXX compiler identification is GNU 11.4.0
[0.101s] -- Detecting C compiler ABI info
[0.170s] -- Detecting C compiler ABI info - done
[0.174s] -- Check for working C compiler: /usr/bin/cc - skipped
[0.174s] -- Detecting C compile features
[0.174s] -- Detecting C compile features - done
[0.176s] -- Detecting CXX compiler ABI info
[0.241s] -- Detecting CXX compiler ABI info - done
[0.246s] -- Check for working CXX compiler: /usr/bin/c++ - skipped
[0.246s] -- Detecting CXX compile features
[0.246s] -- Detecting CXX compile features - done
[0.248s] -- Found ament_cmake: 2.0.6 (/opt/ros/iron/share/ament_cmake/cmake)
[0.373s] -- Found Python3: /usr/bin/python3.10 (found version "3.10.12") found components: Interpreter 
[0.432s] -- Found rclcpp: 21.0.7 (/opt/ros/iron/share/rclcpp/cmake)
[0.460s] -- Found rosidl_generator_c: 4.0.1 (/opt/ros/iron/share/rosidl_generator_c/cmake)
[0.468s] -- Found rosidl_generator_cpp: 4.0.1 (/opt/ros/iron/share/rosidl_generator_cpp/cmake)
[0.480s] -- Using all available rosidl_typesupport_c: rosidl_typesupport_fastrtps_c;rosidl_typesupport_introspection_c
[0.493s] -- Using all available rosidl_typesupport_cpp: rosidl_typesupport_fastrtps_cpp;rosidl_typesupport_introspection_cpp
[0.604s] -- Found rmw_implementation_cmake: 7.1.0 (/opt/ros/iron/share/rmw_implementation_cmake/cmake)
[0.606s] -- Found rmw_fastrtps_cpp: 7.1.4 (/opt/ros/iron/share/rmw_fastrtps_cpp/cmake)
[0.674s] -- Found OpenSSL: /usr/lib/x86_64-linux-gnu/libcrypto.so (found version "3.0.2")  
[0.695s] -- Found FastRTPS: /opt/ros/iron/include  
[0.723s] -- Using RMW implementation 'rmw_fastrtps_cpp' as default
[0.839s] -- Found std_msgs: 5.0.1 (/opt/ros/iron/share/std_msgs/cmake)
[0.872s] -- Found example_interfaces: 0.10.2 (/opt/ros/iron/share/example_interfaces/cmake)
[1.016s] -- Found geometry_msgs: 5.0.1 (/opt/ros/iron/share/geometry_msgs/cmake)
[1.043s] -- Found turtlesim: 1.6.1 (/home/yk/ros2_ws/install/turtlesim/share/turtlesim/cmake)
[1.099s] -- Found ament_lint_auto: 0.14.4 (/opt/ros/iron/share/ament_lint_auto/cmake)
[1.152s] -- Added test 'cppcheck' to perform static code analysis on C / C++ code
[1.152s] -- Configured cppcheck include dirs: $<BUILD_INTERFACE:/home/yk/ros2_ws/src/real_nemo/include>
[1.152s] -- Configured cppcheck exclude dirs and/or files: 
[1.152s] -- Added test 'flake8' to check Python code syntax and style conventions
[1.152s] -- Configured 'flake8' exclude dirs and/or files: 
[1.153s] -- Added test 'lint_cmake' to check CMake code style
[1.154s] -- Added test 'pep257' to check Python code against some of the docstring style conventions in PEP 257
[1.156s] -- Added test 'uncrustify' to check C / C++ code style
[1.156s] -- Configured uncrustify additional arguments: 
[1.156s] -- Added test 'xmllint' to check XML markup files
[1.157s] -- Configuring done
[1.164s] -- Generating done
[1.166s] -- Build files have been written to: /home/yk/ros2_ws/src/real_nemo/build/real_nemo
[1.173s] Invoked command in '/home/yk/ros2_ws/src/real_nemo/build/real_nemo' returned '0': CMAKE_PREFIX_PATH=${CMAKE_PREFIX_PATH}:/opt/ros/iron /usr/bin/cmake /home/yk/ros2_ws/src/real_nemo -DCMAKE_INSTALL_PREFIX=/home/yk/ros2_ws/src/real_nemo/install/real_nemo
[1.174s] Invoking command in '/home/yk/ros2_ws/src/real_nemo/build/real_nemo': CMAKE_PREFIX_PATH=${CMAKE_PREFIX_PATH}:/opt/ros/iron /usr/bin/cmake --build /home/yk/ros2_ws/src/real_nemo/build/real_nemo -- -j16 -l16
[1.215s] [ 25%] [32mBuilding CXX object CMakeFiles/cpp_node.dir/src/cpp_node.cpp.o[0m
[1.215s] [ 50%] [32mBuilding CXX object CMakeFiles/turtlebot_controller.dir/src/turtlebot_controller.cpp.o[0m
[1.234s] [ 75%] [32m[1mLinking CXX executable cpp_node[0m
[1.266s] [ 75%] Built target cpp_node
[2.842s] [01m[K/home/yk/ros2_ws/src/real_nemo/src/turtlebot_controller.cpp:14:48:[m[K [01;31m[Kerror: [m[Kexpected class-name before â€˜[01m[K{[m[Kâ€™ token
[2.842s]    14 | class TurtlebotController : public rclcpp::node[01;31m[K{[m[K
[2.842s]       |                                                [01;31m[K^[m[K
[2.869s] [01m[K/home/yk/ros2_ws/src/real_nemo/src/turtlebot_controller.cpp:[m[K In constructor â€˜[01m[KTurtlebotController::TurtlebotController()[m[Kâ€™:
[2.869s] [01m[K/home/yk/ros2_ws/src/real_nemo/src/turtlebot_controller.cpp:16:29:[m[K [01;31m[Kerror: [m[Kclass â€˜[01m[KTurtlebotController[m[Kâ€™ does not have any field named â€˜[01m[KNode[m[Kâ€™
[2.870s]    16 |     TurtlebotController() : [01;31m[KNode[m[K("turtlebot_controller"){
[2.870s]       |                             [01;31m[K^~~~[m[K
[2.870s] [01m[K/home/yk/ros2_ws/src/real_nemo/src/turtlebot_controller.cpp:18:24:[m[K [01;31m[Kerror: [m[Kâ€˜[01m[Kclass TurtlebotController[m[Kâ€™ has no member named â€˜[01m[Kcreate_publisher[m[Kâ€™
[2.870s]    18 |     publisher_ = this->[01;31m[Kcreate_publisher[m[K<geometry_msgs::msg::Twist>("turtle1/cmd_vel",10);
[2.870s]       |                        [01;31m[K^~~~~~~~~~~~~~~~[m[K
[2.870s] [01m[K/home/yk/ros2_ws/src/real_nemo/src/turtlebot_controller.cpp:18:66:[m[K [01;31m[Kerror: [m[Kexpected primary-expression before â€˜[01m[K>[m[Kâ€™ token
[2.870s]    18 |     publisher_ = this->create_publisher<geometry_msgs::msg::Twist[01;31m[K>[m[K("turtle1/cmd_vel",10);
[2.870s]       |                                                                  [01;31m[K^[m[K
[2.870s] [01m[K/home/yk/ros2_ws/src/real_nemo/src/turtlebot_controller.cpp:18:68:[m[K [01;35m[Kwarning: [m[Kleft operand of comma operator has no effect [[01;35m[K]8;;https://gcc.gnu.org/onlinedocs/gcc/Warning-Options.html#index-Wunused-value-Wunused-value]8;;[m[K]
[2.870s]    18 |     publisher_ = this->create_publisher<geometry_msgs::msg::Twist>([01;35m[K"turtle1/cmd_vel"[m[K,10);
[2.870s]       |                                                                    [01;35m[K^~~~~~~~~~~~~~~~~[m[K
[2.870s] [01m[K/home/yk/ros2_ws/src/real_nemo/src/turtlebot_controller.cpp:20:27:[m[K [01;31m[Kerror: [m[Kâ€˜[01m[Kclass TurtlebotController[m[Kâ€™ has no member named â€˜[01m[Kcreate_subscription[m[Kâ€™
[2.871s]    20 |     subscription_ = this->[01;31m[Kcreate_subscription[m[K<turtlesim::msg::Pose>(
[2.871s]       |                           [01;31m[K^~~~~~~~~~~~~~~~~~~[m[K
[2.871s] [01m[K/home/yk/ros2_ws/src/real_nemo/src/turtlebot_controller.cpp:20:67:[m[K [01;31m[Kerror: [m[Kexpected primary-expression before â€˜[01m[K>[m[Kâ€™ token
[2.871s]    20 |     subscription_ = this->create_subscription<turtlesim::msg::Pose[01;31m[K>[m[K(
[2.871s]       |                                                                   [01;31m[K^[m[K
[2.871s] [01m[K/home/yk/ros2_ws/src/real_nemo/src/turtlebot_controller.cpp:21:9:[m[K [01;35m[Kwarning: [m[Kleft operand of comma operator has no effect [[01;35m[K]8;;https://gcc.gnu.org/onlinedocs/gcc/Warning-Options.html#index-Wunused-value-Wunused-value]8;;[m[K]
[2.871s]    21 |         [01;35m[K"turtle1/pose"[m[K, 10, std::bind(&TurtlebotController::topic_callback, this, _1));
[2.871s]       |         [01;35m[K^~~~~~~~~~~~~~[m[K
[2.873s] [01m[K/home/yk/ros2_ws/src/real_nemo/src/turtlebot_controller.cpp:21:85:[m[K [01;35m[Kwarning: [m[Kright operand of comma operator has no effect [[01;35m[K]8;;https://gcc.gnu.org/onlinedocs/gcc/Warning-Options.html#index-Wunused-value-Wunused-value]8;;[m[K]
[2.873s]    21 |         "turtle1/pose", 10, std::bind(&TurtlebotController::topic_callback, this, _1[01;35m[K)[m[K);
[2.873s]       |                                                                                     [01;35m[K^[m[K
[2.873s] [01m[K/home/yk/ros2_ws/src/real_nemo/src/turtlebot_controller.cpp:23:20:[m[K [01;31m[Kerror: [m[Kâ€˜[01m[Kclass TurtlebotController[m[Kâ€™ has no member named â€˜[01m[Kcreate_wall_timer[m[Kâ€™
[2.873s]    23 |     timer_ = this->[01;31m[Kcreate_wall_timer[m[K(
[2.873s]       |                    [01;31m[K^~~~~~~~~~~~~~~~~[m[K
[2.879s] [01m[K/home/yk/ros2_ws/src/real_nemo/src/turtlebot_controller.cpp:[m[K In member function â€˜[01m[Kvoid TurtlebotController::timer_callback()[m[Kâ€™:
[2.879s] [01m[K/home/yk/ros2_ws/src/real_nemo/src/turtlebot_controller.cpp:33:14:[m[K [01;31m[Kerror: [m[Kâ€˜[01m[KA[m[Kâ€™ was not declared in this scope
[2.879s]    33 |         if (([01;31m[KA[m[K%2) == 0)
[2.879s]       |              [01;31m[K^[m[K
[2.879s] In file included from [01m[K/opt/ros/iron/include/rclcpp/rclcpp/client.hpp:43[m[K,
[2.879s]                  from [01m[K/opt/ros/iron/include/rclcpp/rclcpp/callback_group.hpp:24[m[K,
[2.879s]                  from [01m[K/opt/ros/iron/include/rclcpp/rclcpp/any_executable.hpp:20[m[K,
[2.879s]                  from [01m[K/opt/ros/iron/include/rclcpp/rclcpp/memory_strategy.hpp:25[m[K,
[2.880s]                  from [01m[K/opt/ros/iron/include/rclcpp/rclcpp/memory_strategies.hpp:18[m[K,
[2.880s]                  from [01m[K/opt/ros/iron/include/rclcpp/rclcpp/executor_options.hpp:20[m[K,
[2.880s]                  from [01m[K/opt/ros/iron/include/rclcpp/rclcpp/executor.hpp:37[m[K,
[2.880s]                  from [01m[K/opt/ros/iron/include/rclcpp/rclcpp/executors/multi_threaded_executor.hpp:25[m[K,
[2.880s]                  from [01m[K/opt/ros/iron/include/rclcpp/rclcpp/executors.hpp:21[m[K,
[2.880s]                  from [01m[K/opt/ros/iron/include/rclcpp/rclcpp/rclcpp.hpp:167[m[K,
[2.880s]                  from [01m[K/home/yk/ros2_ws/src/real_nemo/src/turtlebot_controller.cpp:1[m[K:
[2.880s] [01m[K/home/yk/ros2_ws/src/real_nemo/src/turtlebot_controller.cpp:39:27:[m[K [01;31m[Kerror: [m[Kâ€˜[01m[Kclass TurtlebotController[m[Kâ€™ has no member named â€˜[01m[Kget_logger[m[Kâ€™
[2.880s]    39 |         RCLCPP_INFO(this->[01;31m[Kget_logger[m[K(), "Turtlebot state: (x: %f, y: %f, theta: %f)", turtlebot_state.x, turtlebot_state.y, turtlebot_state.theta);
[2.880s]       |                           [01;31m[K^~~~~~~~~~[m[K
[2.880s] [01m[K/home/yk/ros2_ws/src/real_nemo/src/turtlebot_controller.cpp:39:27:[m[K [01;31m[Kerror: [m[Kâ€˜[01m[Kclass TurtlebotController[m[Kâ€™ has no member named â€˜[01m[Kget_logger[m[Kâ€™
[2.880s] [01m[K/home/yk/ros2_ws/src/real_nemo/src/turtlebot_controller.cpp:39:9:[m[K [01;31m[Kerror: [m[Ktemplate argument 1 is invalid
[2.880s]    39 |         [01;31m[KRCLCPP_INFO[m[K(this->get_logger(), "Turtlebot state: (x: %f, y: %f, theta: %f)", turtlebot_state.x, turtlebot_state.y, turtlebot_state.theta);
[2.880s]       |         [01;31m[K^~~~~~~~~~~[m[K
[2.880s] [01m[K/home/yk/ros2_ws/src/real_nemo/src/turtlebot_controller.cpp:39:9:[m[K [01;31m[Kerror: [m[Ktemplate argument 1 is invalid
[2.881s]    39 |         [01;31m[KRCLCPP_INFO[m[K(this->get_logger(), "Turtlebot state: (x: %f, y: %f, theta: %f)", turtlebot_state.x, turtlebot_state.y, turtlebot_state.theta);
[2.881s]       |         [01;31m[K^~~~~~~~~~~[m[K
[2.881s] [01m[K/home/yk/ros2_ws/src/real_nemo/src/turtlebot_controller.cpp:39:9:[m[K [01;31m[Kerror: [m[Ktemplate argument 1 is invalid
[2.881s]    39 |         [01;31m[KRCLCPP_INFO[m[K(this->get_logger(), "Turtlebot state: (x: %f, y: %f, theta: %f)", turtlebot_state.x, turtlebot_state.y, turtlebot_state.theta);
[2.881s]       |         [01;31m[K^~~~~~~~~~~[m[K
[2.881s] In file included from [01m[K/opt/ros/iron/include/rclcpp/rclcpp/logging.hpp:24[m[K,
[2.881s]                  from [01m[K/opt/ros/iron/include/rclcpp/rclcpp/client.hpp:43[m[K,
[2.881s]                  from [01m[K/opt/ros/iron/include/rclcpp/rclcpp/callback_group.hpp:24[m[K,
[2.881s]                  from [01m[K/opt/ros/iron/include/rclcpp/rclcpp/any_executable.hpp:20[m[K,
[2.881s]                  from [01m[K/opt/ros/iron/include/rclcpp/rclcpp/memory_strategy.hpp:25[m[K,
[2.881s]                  from [01m[K/opt/ros/iron/include/rclcpp/rclcpp/memory_strategies.hpp:18[m[K,
[2.881s]                  from [01m[K/opt/ros/iron/include/rclcpp/rclcpp/executor_options.hpp:20[m[K,
[2.881s]                  from [01m[K/opt/ros/iron/include/rclcpp/rclcpp/executor.hpp:37[m[K,
[2.881s]                  from [01m[K/opt/ros/iron/include/rclcpp/rclcpp/executors/multi_threaded_executor.hpp:25[m[K,
[2.881s]                  from [01m[K/opt/ros/iron/include/rclcpp/rclcpp/executors.hpp:21[m[K,
[2.881s]                  from [01m[K/opt/ros/iron/include/rclcpp/rclcpp/rclcpp.hpp:167[m[K,
[2.881s]                  from [01m[K/home/yk/ros2_ws/src/real_nemo/src/turtlebot_controller.cpp:1[m[K:
[2.881s] [01m[K/home/yk/ros2_ws/src/real_nemo/src/turtlebot_controller.cpp:39:27:[m[K [01;31m[Kerror: [m[Kâ€˜[01m[Kclass TurtlebotController[m[Kâ€™ has no member named â€˜[01m[Kget_logger[m[Kâ€™
[2.881s]    39 |         RCLCPP_INFO(this->[01;31m[Kget_logger[m[K(), "Turtlebot state: (x: %f, y: %f, theta: %f)", turtlebot_state.x, turtlebot_state.y, turtlebot_state.theta);
[2.881s]       |                           [01;31m[K^~~~~~~~~~[m[K
[2.881s] [01m[K/home/yk/ros2_ws/src/real_nemo/src/turtlebot_controller.cpp:39:27:[m[K [01;31m[Kerror: [m[Kâ€˜[01m[Kclass TurtlebotController[m[Kâ€™ has no member named â€˜[01m[Kget_logger[m[Kâ€™
[2.881s]    39 |         RCLCPP_INFO(this->[01;31m[Kget_logger[m[K(), "Turtlebot state: (x: %f, y: %f, theta: %f)", turtlebot_state.x, turtlebot_state.y, turtlebot_state.theta);
[2.881s]       |                           [01;31m[K^~~~~~~~~~[m[K
[2.882s] [01m[K/home/yk/ros2_ws/src/real_nemo/src/turtlebot_controller.cpp:[m[K In function â€˜[01m[Kint main(int, char**)[m[Kâ€™:
[2.882s] [01m[K/home/yk/ros2_ws/src/real_nemo/src/turtlebot_controller.cpp:60:17:[m[K [01;31m[Kerror: [m[Kno matching function for call to â€˜[01m[Kspin(std::shared_ptr<TurtlebotController>)[m[Kâ€™
[2.882s]    60 |     [01;31m[Krclcpp::spin(std::make_shared<TurtlebotController>())[m[K;
[2.882s]       |     [01;31m[K~~~~~~~~~~~~^~~~~~~~~~~~~~~~~~~~~~~~~~~~~~~~~~~~~~~~~[m[K
[2.882s] In file included from [01m[K/opt/ros/iron/include/rclcpp/rclcpp/rclcpp.hpp:167[m[K,
[2.882s]                  from [01m[K/home/yk/ros2_ws/src/real_nemo/src/turtlebot_controller.cpp:1[m[K:
[2.882s] [01m[K/opt/ros/iron/include/rclcpp/rclcpp/executors.hpp:46:1:[m[K [01;36m[Knote: [m[Kcandidate: â€˜[01m[Kvoid rclcpp::spin(rclcpp::node_interfaces::NodeBaseInterface::SharedPtr)[m[Kâ€™
[2.882s]    46 | [01;36m[Kspin[m[K(rclcpp::node_interfaces::NodeBaseInterface::SharedPtr node_ptr);
[2.882s]       | [01;36m[K^~~~[m[K
[2.882s] [01m[K/opt/ros/iron/include/rclcpp/rclcpp/executors.hpp:46:60:[m[K [01;36m[Knote: [m[K  no known conversion for argument 1 from â€˜[01m[Kshared_ptr<[01;32m[KTurtlebotController[m[K>[m[Kâ€™ to â€˜[01m[Kshared_ptr<[01;32m[Krclcpp::node_interfaces::NodeBaseInterface[m[K>[m[Kâ€™
[2.882s]    46 | spin([01;36m[Krclcpp::node_interfaces::NodeBaseInterface::SharedPtr node_ptr[m[K);
[2.883s]       |      [01;36m[K~~~~~~~~~~~~~~~~~~~~~~~~~~~~~~~~~~~~~~~~~~~~~~~~~~~~~~^~~~~~~~[m[K
[2.883s] [01m[K/opt/ros/iron/include/rclcpp/rclcpp/executors.hpp:50:1:[m[K [01;36m[Knote: [m[Kcandidate: â€˜[01m[Kvoid rclcpp::spin(rclcpp::Node::SharedPtr)[m[Kâ€™
[2.883s]    50 | [01;36m[Kspin[m[K(rclcpp::Node::SharedPtr node_ptr);
[2.883s]       | [01;36m[K^~~~[m[K
[2.883s] [01m[K/opt/ros/iron/include/rclcpp/rclcpp/executors.hpp:50:30:[m[K [01;36m[Knote: [m[K  no known conversion for argument 1 from â€˜[01m[Kshared_ptr<[01;32m[KTurtlebotController[m[K>[m[Kâ€™ to â€˜[01m[Kshared_ptr<[01;32m[Krclcpp::Node[m[K>[m[Kâ€™
[2.883s]    50 | spin([01;36m[Krclcpp::Node::SharedPtr node_ptr[m[K);
[2.883s]       |      [01;36m[K~~~~~~~~~~~~~~~~~~~~~~~~^~~~~~~~[m[K
[3.549s] gmake[2]: *** [CMakeFiles/turtlebot_controller.dir/build.make:76: CMakeFiles/turtlebot_controller.dir/src/turtlebot_controller.cpp.o] Error 1
[3.549s] gmake[1]: *** [CMakeFiles/Makefile2:165: CMakeFiles/turtlebot_controller.dir/all] Error 2
[3.549s] gmake: *** [Makefile:146: all] Error 2
[3.551s] Invoked command in '/home/yk/ros2_ws/src/real_nemo/build/real_nemo' returned '2': CMAKE_PREFIX_PATH=${CMAKE_PREFIX_PATH}:/opt/ros/iron /usr/bin/cmake --build /home/yk/ros2_ws/src/real_nemo/build/real_nemo -- -j16 -l16
